<?xml version="1.0" encoding="UTF-8"?>
<testng-results skipped="0" failed="1" ignored="0" total="5" passed="4">
  <reporter-output>
  </reporter-output>
  <suite name="Default suite" duration-ms="4269" started-at="2021-03-15T06:07:44Z" finished-at="2021-03-15T06:07:48Z">
    <groups>
    </groups>
    <test name="Default test" duration-ms="4269" started-at="2021-03-15T06:07:44Z" finished-at="2021-03-15T06:07:48Z">
      <class name="openweatherapi.OpenWeather">
        <test-method status="PASS" signature="bt()[pri:0, instance:openweatherapi.OpenWeather@5622fdf]" name="bt" is-config="true" duration-ms="461" started-at="2021-03-15T06:07:44Z" finished-at="2021-03-15T06:07:45Z">
          <reporter-output>
          </reporter-output>
        </test-method> <!-- bt -->
        <test-method status="PASS" signature="test1()[pri:0, instance:openweatherapi.OpenWeather@5622fdf]" name="test1" duration-ms="1541" started-at="2021-03-15T06:07:45Z" finished-at="2021-03-15T06:07:46Z">
          <reporter-output>
          </reporter-output>
        </test-method> <!-- test1 -->
        <test-method status="PASS" signature="test3()[pri:0, instance:openweatherapi.OpenWeather@5622fdf]" name="test3" duration-ms="538" started-at="2021-03-15T06:07:46Z" finished-at="2021-03-15T06:07:47Z">
          <reporter-output>
          </reporter-output>
        </test-method> <!-- test3 -->
        <test-method status="FAIL" signature="test4()[pri:0, instance:openweatherapi.OpenWeather@5622fdf]" name="test4" duration-ms="577" started-at="2021-03-15T06:07:47Z" finished-at="2021-03-15T06:07:47Z">
          <exception class="java.lang.AssertionError">
            <message>
              <![CDATA[expected [204] but found [404]]]>
            </message>
            <full-stacktrace>
              <![CDATA[java.lang.AssertionError: expected [204] but found [404]
at org.testng.Assert.fail(Assert.java:96)
at org.testng.Assert.failNotEquals(Assert.java:776)
at org.testng.Assert.assertEqualsImpl(Assert.java:137)
at org.testng.Assert.assertEquals(Assert.java:118)
at org.testng.Assert.assertEquals(Assert.java:652)
at org.testng.Assert.assertEquals(Assert.java:662)
at openweatherapi.OpenWeather.test4(OpenWeather.java:87)
at sun.reflect.NativeMethodAccessorImpl.invoke0(Native Method)
at sun.reflect.NativeMethodAccessorImpl.invoke(NativeMethodAccessorImpl.java:62)
at sun.reflect.DelegatingMethodAccessorImpl.invoke(DelegatingMethodAccessorImpl.java:43)
at java.lang.reflect.Method.invoke(Method.java:498)
at org.testng.internal.MethodInvocationHelper.invokeMethod(MethodInvocationHelper.java:124)
at org.testng.internal.Invoker.invokeMethod(Invoker.java:583)
at org.testng.internal.Invoker.invokeTestMethod(Invoker.java:719)
at org.testng.internal.Invoker.invokeTestMethods(Invoker.java:989)
at org.testng.internal.TestMethodWorker.invokeTestMethods(TestMethodWorker.java:125)
at org.testng.internal.TestMethodWorker.run(TestMethodWorker.java:109)
at org.testng.TestRunner.privateRun(TestRunner.java:648)
at org.testng.TestRunner.run(TestRunner.java:505)
at org.testng.SuiteRunner.runTest(SuiteRunner.java:455)
at org.testng.SuiteRunner.runSequentially(SuiteRunner.java:450)
at org.testng.SuiteRunner.privateRun(SuiteRunner.java:415)
at org.testng.SuiteRunner.run(SuiteRunner.java:364)
at org.testng.SuiteRunnerWorker.runSuite(SuiteRunnerWorker.java:52)
at org.testng.SuiteRunnerWorker.run(SuiteRunnerWorker.java:84)
at org.testng.TestNG.runSuitesSequentially(TestNG.java:1208)
at org.testng.TestNG.runSuitesLocally(TestNG.java:1137)
at org.testng.TestNG.runSuites(TestNG.java:1049)
at org.testng.TestNG.run(TestNG.java:1017)
at org.testng.remote.AbstractRemoteTestNG.run(AbstractRemoteTestNG.java:114)
at org.testng.remote.RemoteTestNG.initAndRun(RemoteTestNG.java:251)
at org.testng.remote.RemoteTestNG.main(RemoteTestNG.java:77)
]]>
            </full-stacktrace>
          </exception> <!-- java.lang.AssertionError -->
          <reporter-output>
          </reporter-output>
        </test-method> <!-- test4 -->
        <test-method status="PASS" signature="test5()[pri:0, instance:openweatherapi.OpenWeather@5622fdf]" name="test5" duration-ms="550" started-at="2021-03-15T06:07:47Z" finished-at="2021-03-15T06:07:48Z">
          <reporter-output>
          </reporter-output>
        </test-method> <!-- test5 -->
        <test-method status="PASS" signature="test6()[pri:0, instance:openweatherapi.OpenWeather@5622fdf]" name="test6" duration-ms="572" started-at="2021-03-15T06:07:48Z" finished-at="2021-03-15T06:07:48Z">
          <reporter-output>
          </reporter-output>
        </test-method> <!-- test6 -->
      </class> <!-- openweatherapi.OpenWeather -->
    </test> <!-- Default test -->
  </suite> <!-- Default suite -->
</testng-results>
